0 info it worked if it ends with ok
1 verbose cli [ '/usr/local/Cellar/node/0.10.10/bin/node',
1 verbose cli   '/usr/local/bin/npm',
1 verbose cli   'install',
1 verbose cli   'chosen' ]
2 info using npm@1.2.25
3 info using node@v0.10.10
4 verbose read json /Users/rexsheng/projects/octopus/package.json
5 warn package.json octopus@0.0.1 No repository field.
6 verbose read json /Users/rexsheng/projects/octopus/node_modules/connect-redis/package.json
7 verbose read json /Users/rexsheng/projects/octopus/node_modules/express/package.json
8 verbose read json /Users/rexsheng/projects/octopus/node_modules/mongoose/package.json
9 verbose read json /Users/rexsheng/projects/octopus/node_modules/passport/package.json
10 verbose read json /Users/rexsheng/projects/octopus/node_modules/passport-local/package.json
11 verbose read json /Users/rexsheng/projects/octopus/node_modules/pwd/package.json
12 verbose read json /Users/rexsheng/projects/octopus/node_modules/socket.io/package.json
13 warn package.json connect-redis@1.4.5 No repository field.
14 warn package.json pwd@0.0.2 No repository field.
15 verbose from cache /Users/rexsheng/projects/octopus/package.json
16 verbose readDependencies using package.json deps
17 verbose cache add [ 'chosen', null ]
18 verbose cache add name=undefined spec="chosen" args=["chosen",null]
19 verbose parsed url { protocol: null,
19 verbose parsed url   slashes: null,
19 verbose parsed url   auth: null,
19 verbose parsed url   host: null,
19 verbose parsed url   port: null,
19 verbose parsed url   hostname: null,
19 verbose parsed url   hash: null,
19 verbose parsed url   search: null,
19 verbose parsed url   query: null,
19 verbose parsed url   pathname: 'chosen',
19 verbose parsed url   path: 'chosen',
19 verbose parsed url   href: 'chosen' }
20 silly lockFile 3fe69382-chosen chosen
21 verbose lock chosen /Users/rexsheng/.npm/3fe69382-chosen.lock
22 silly lockFile 3fe69382-chosen chosen
23 silly lockFile 3fe69382-chosen chosen
24 verbose addNamed [ 'chosen', '' ]
25 verbose addNamed [ null, '' ]
26 silly lockFile 68c91a21-chosen chosen@
27 verbose lock chosen@ /Users/rexsheng/.npm/68c91a21-chosen.lock
28 silly addNameRange { name: 'chosen', range: '', hasData: false }
29 verbose url raw chosen
30 verbose url resolving [ 'https://registry.npmjs.org/', './chosen' ]
31 verbose url resolved https://registry.npmjs.org/chosen
32 info trying registry request attempt 1 at 18:33:16
33 http GET https://registry.npmjs.org/chosen
34 http 404 https://registry.npmjs.org/chosen
35 silly registry.get cb [ 404,
35 silly registry.get   { server: 'CouchDB/1.3.0 (Erlang OTP/R15B03)',
35 silly registry.get     date: 'Mon, 24 Jun 2013 10:33:18 GMT',
35 silly registry.get     'content-type': 'application/json',
35 silly registry.get     'content-length': '52',
35 silly registry.get     'cache-control': 'must-revalidate' } ]
36 silly lockFile 68c91a21-chosen chosen@
37 silly lockFile 68c91a21-chosen chosen@
38 error 404 'chosen' is not in the npm registry.
38 error 404 You should bug the author to publish it
38 error 404
38 error 404 Note that you can also install from a
38 error 404 tarball, folder, or http url, or git url.
39 error System Darwin 12.4.0
40 error command "/usr/local/Cellar/node/0.10.10/bin/node" "/usr/local/bin/npm" "install" "chosen"
41 error cwd /Users/rexsheng/projects/octopus
42 error node -v v0.10.10
43 error npm -v 1.2.25
44 error code E404
45 verbose exit [ 1, true ]
